# JRE version: Java(TM) SE Runtime Environment (22.0.1+8) (build 22.0.1+8-16)
# Java VM: Java HotSpot(TM) 64-Bit Server VM (22.0.1+8-16, mixed mode, sharing, tiered, compressed oops, compressed class ptrs, g1 gc, windows-amd64)
GC Precious Log:
 CardTable entry size: 512
 Card Set container configuration: InlinePtr #cards 5 size 8 Array Of Cards #cards 12 size 40 Howl #buckets 4 coarsen threshold 1843 Howl Bitmap #cards 512 size 80 coarsen threshold 460 Card regions per heap region 1 cards per card region 2048
 CPUs: 12 total, 12 available
 Memory: 7521M
 Large Page Support: Disabled
 NUMA Support: Disabled
 Compressed Oops: Enabled (32-bit)
 Heap Region Size: 1M
 Heap Min Capacity: 8M
 Heap Initial Capacity: 118M
 Heap Max Capacity: 2G
 Pre-touch: Disabled
 Parallel Workers: 10
 Concurrent Workers: 3
 Concurrent Refinement Workers: 10
 Periodic GC: Disabled
Heap:
 garbage-first heap   total reserved 2097152K, committed 164864K, used 141299K [0x0000000080000000, 0x0000000100000000)
  region size 1024K, 55 young (56320K), 8 survivors (8192K)
 Metaspace       used 116029K, committed 118464K, reserved 1179648K
  class space    used 15608K, committed 16768K, reserved 1048576K
GC Heap History (20 events):
Event: 15.127 GC heap before
{Heap before GC invocations=21 (full 0):
 garbage-first heap   total reserved 2097152K, committed 115712K, used 107135K [0x0000000080000000, 0x0000000100000000)
  region size 1024K, 42 young (43008K), 6 survivors (6144K)
 Metaspace       used 76680K, committed 78720K, reserved 1179648K
  class space    used 11148K, committed 12096K, reserved 1048576K
}
Event: 15.134 GC heap after
{Heap after GC invocations=22 (full 0):
 garbage-first heap   total reserved 2097152K, committed 119808K, used 74318K [0x0000000080000000, 0x0000000100000000)
  region size 1024K, 4 young (4096K), 4 survivors (4096K)
 Metaspace       used 76680K, committed 78720K, reserved 1179648K
  class space    used 11148K, committed 12096K, reserved 1048576K
}
Event: 15.449 GC heap before
{Heap before GC invocations=22 (full 0):
 garbage-first heap   total reserved 2097152K, committed 119808K, used 106062K [0x0000000080000000, 0x0000000100000000)
  region size 1024K, 35 young (35840K), 4 survivors (4096K)
 Metaspace       used 80194K, committed 82240K, reserved 1179648K
  class space    used 11464K, committed 12416K, reserved 1048576K
}
Event: 15.454 GC heap after
{Heap after GC invocations=23 (full 0):
 garbage-first heap   total reserved 2097152K, committed 119808K, used 75916K [0x0000000080000000, 0x0000000100000000)
  region size 1024K, 2 young (2048K), 2 survivors (2048K)
 Metaspace       used 80194K, committed 82240K, reserved 1179648K
  class space    used 11464K, committed 12416K, reserved 1048576K
}
Event: 15.902 GC heap before
{Heap before GC invocations=24 (full 0):
 garbage-first heap   total reserved 2097152K, committed 126976K, used 106636K [0x0000000080000000, 0x0000000100000000)
  region size 1024K, 33 young (33792K), 2 survivors (2048K)
 Metaspace       used 83564K, committed 85952K, reserved 1179648K
  class space    used 11911K, committed 13056K, reserved 1048576K
}
Event: 15.906 GC heap after
{Heap after GC invocations=25 (full 0):
 garbage-first heap   total reserved 2097152K, committed 126976K, used 76736K [0x0000000080000000, 0x0000000100000000)
  region size 1024K, 4 young (4096K), 4 survivors (4096K)
 Metaspace       used 83564K, committed 85952K, reserved 1179648K
  class space    used 11911K, committed 13056K, reserved 1048576K
}
Event: 16.553 GC heap before
{Heap before GC invocations=25 (full 0):
 garbage-first heap   total reserved 2097152K, committed 126976K, used 114624K [0x0000000080000000, 0x0000000100000000)
  region size 1024K, 41 young (41984K), 4 survivors (4096K)
 Metaspace       used 88299K, committed 90688K, reserved 1179648K
  class space    used 12510K, committed 13696K, reserved 1048576K
}
Event: 16.557 GC heap after
{Heap after GC invocations=26 (full 0):
 garbage-first heap   total reserved 2097152K, committed 126976K, used 77694K [0x0000000080000000, 0x0000000100000000)
  region size 1024K, 4 young (4096K), 4 survivors (4096K)
 Metaspace       used 88299K, committed 90688K, reserved 1179648K
  class space    used 12510K, committed 13696K, reserved 1048576K
}
Event: 17.041 GC heap before
{Heap before GC invocations=26 (full 0):
 garbage-first heap   total reserved 2097152K, committed 126976K, used 113534K [0x0000000080000000, 0x0000000100000000)
  region size 1024K, 40 young (40960K), 4 survivors (4096K)
 Metaspace       used 92583K, committed 95040K, reserved 1179648K
  class space    used 13078K, committed 14272K, reserved 1048576K
}
Event: 17.047 GC heap after
{Heap after GC invocations=27 (full 0):
 garbage-first heap   total reserved 2097152K, committed 126976K, used 80577K [0x0000000080000000, 0x0000000100000000)
  region size 1024K, 5 young (5120K), 5 survivors (5120K)
 Metaspace       used 92583K, committed 95040K, reserved 1179648K
  class space    used 13078K, committed 14272K, reserved 1048576K
}
Event: 17.307 GC heap before
{Heap before GC invocations=28 (full 0):
 garbage-first heap   total reserved 2097152K, committed 137216K, used 114369K [0x0000000080000000, 0x0000000100000000)
  region size 1024K, 37 young (37888K), 5 survivors (5120K)
 Metaspace       used 92704K, committed 95168K, reserved 1179648K
  class space    used 13078K, committed 14272K, reserved 1048576K
}
Event: 17.310 GC heap after
{Heap after GC invocations=29 (full 0):
 garbage-first heap   total reserved 2097152K, committed 137216K, used 82196K [0x0000000080000000, 0x0000000100000000)
  region size 1024K, 5 young (5120K), 5 survivors (5120K)
 Metaspace       used 92704K, committed 95168K, reserved 1179648K
  class space    used 13078K, committed 14272K, reserved 1048576K
}
Event: 18.027 GC heap before
{Heap before GC invocations=29 (full 0):
 garbage-first heap   total reserved 2097152K, committed 137216K, used 122132K [0x0000000080000000, 0x0000000100000000)
  region size 1024K, 44 young (45056K), 5 survivors (5120K)
 Metaspace       used 96344K, committed 98752K, reserved 1179648K
  class space    used 13509K, committed 14656K, reserved 1048576K
}
Event: 18.031 GC heap after
{Heap after GC invocations=30 (full 0):
 garbage-first heap   total reserved 2097152K, committed 164864K, used 83766K [0x0000000080000000, 0x0000000100000000)
  region size 1024K, 5 young (5120K), 5 survivors (5120K)
 Metaspace       used 96344K, committed 98752K, reserved 1179648K
  class space    used 13509K, committed 14656K, reserved 1048576K
}
Event: 18.860 GC heap before
{Heap before GC invocations=30 (full 0):
 garbage-first heap   total reserved 2097152K, committed 164864K, used 144182K [0x0000000080000000, 0x0000000100000000)
  region size 1024K, 65 young (66560K), 5 survivors (5120K)
 Metaspace       used 103535K, committed 106048K, reserved 1179648K
  class space    used 14349K, committed 15552K, reserved 1048576K
}
Event: 18.865 GC heap after
{Heap after GC invocations=31 (full 0):
 garbage-first heap   total reserved 2097152K, committed 164864K, used 88089K [0x0000000080000000, 0x0000000100000000)
  region size 1024K, 9 young (9216K), 9 survivors (9216K)
 Metaspace       used 103535K, committed 106048K, reserved 1179648K
  class space    used 14349K, committed 15552K, reserved 1048576K
}
Event: 19.530 GC heap before
{Heap before GC invocations=32 (full 0):
 garbage-first heap   total reserved 2097152K, committed 164864K, used 145433K [0x0000000080000000, 0x0000000100000000)
  region size 1024K, 65 young (66560K), 9 survivors (9216K)
 Metaspace       used 112336K, committed 114816K, reserved 1179648K
  class space    used 15134K, committed 16320K, reserved 1048576K
}
Event: 19.535 GC heap after
{Heap after GC invocations=33 (full 0):
 garbage-first heap   total reserved 2097152K, committed 164864K, used 90103K [0x0000000080000000, 0x0000000100000000)
  region size 1024K, 7 young (7168K), 7 survivors (7168K)
 Metaspace       used 112336K, committed 114816K, reserved 1179648K
  class space    used 15134K, committed 16320K, reserved 1048576K
}
Event: 45.640 GC heap before
{Heap before GC invocations=33 (full 0):
 garbage-first heap   total reserved 2097152K, committed 164864K, used 146423K [0x0000000080000000, 0x0000000100000000)
  region size 1024K, 63 young (64512K), 7 survivors (7168K)
 Metaspace       used 115523K, committed 117952K, reserved 1179648K
  class space    used 15552K, committed 16704K, reserved 1048576K
}
Event: 45.679 GC heap after
{Heap after GC invocations=34 (full 0):
 garbage-first heap   total reserved 2097152K, committed 164864K, used 95219K [0x0000000080000000, 0x0000000100000000)
  region size 1024K, 8 young (8192K), 8 survivors (8192K)
 Metaspace       used 115523K, committed 117952K, reserved 1179648K
  class space    used 15552K, committed 16704K, reserved 1048576K
}

