# JRE version: OpenJDK Runtime Environment Temurin-21.0.8+9 (21.0.8+9) (build 21.0.8+9-LTS)
# Java VM: OpenJDK 64-Bit Server VM Temurin-21.0.8+9 (21.0.8+9-LTS, mixed mode, sharing, tiered, compressed oops, compressed class ptrs, parallel gc, windows-amd64)
GC Precious Log:
 CardTable entry size: 512
 CPUs: 12 total, 12 available
 Memory: 7521M
 Large Page Support: Disabled
 NUMA Support: Disabled
 Compressed Oops: Enabled (32-bit)
 Alignments: Space 512K, Generation 512K, Heap 2M
 Heap Min Capacity: 100M
 Heap Initial Capacity: 100M
 Heap Max Capacity: 2G
 Pre-touch: Disabled
 Parallel Workers: 10
Heap:
 PSYoungGen      total 13312K, used 11828K [0x00000000d5580000, 0x00000000d6680000, 0x0000000100000000)
  eden space 12288K, 88% used [0x00000000d5580000,0x00000000d60111c0,0x00000000d6180000)
  from space 1024K, 98% used [0x00000000d6380000,0x00000000d647c040,0x00000000d6480000)
  to   space 2048K, 0% used [0x00000000d6180000,0x00000000d6180000,0x00000000d6380000)
 ParOldGen       total 68608K, used 58461K [0x0000000080000000, 0x0000000084300000, 0x00000000d5580000)
  object space 68608K, 85% used [0x0000000080000000,0x0000000083917480,0x0000000084300000)
 Metaspace       used 65551K, committed 67008K, reserved 1114112K
  class space    used 8201K, committed 8896K, reserved 1048576K
GC Heap History (20 events):
Event: 14.858 GC heap before
{Heap before GC invocations=60 (full 3):
 PSYoungGen      total 13824K, used 13653K [0x00000000d5580000, 0x00000000d6480000, 0x0000000100000000)
  eden space 13312K, 100% used [0x00000000d5580000,0x00000000d6280000,0x00000000d6280000)
  from space 512K, 66% used [0x00000000d6400000,0x00000000d64554b8,0x00000000d6480000)
  to   space 1024K, 0% used [0x00000000d6280000,0x00000000d6280000,0x00000000d6380000)
 ParOldGen       total 68608K, used 55618K [0x0000000080000000, 0x0000000084300000, 0x00000000d5580000)
  object space 68608K, 81% used [0x0000000080000000,0x0000000083650818,0x0000000084300000)
 Metaspace       used 61112K, committed 62400K, reserved 1114112K
  class space    used 7613K, committed 8192K, reserved 1048576K
}
Event: 14.859 GC heap after
{Heap after GC invocations=60 (full 3):
 PSYoungGen      total 14336K, used 1019K [0x00000000d5580000, 0x00000000d6580000, 0x0000000100000000)
  eden space 13312K, 0% used [0x00000000d5580000,0x00000000d5580000,0x00000000d6280000)
  from space 1024K, 99% used [0x00000000d6280000,0x00000000d637ee38,0x00000000d6380000)
  to   space 1536K, 0% used [0x00000000d6400000,0x00000000d6400000,0x00000000d6580000)
 ParOldGen       total 68608K, used 55826K [0x0000000080000000, 0x0000000084300000, 0x00000000d5580000)
  object space 68608K, 81% used [0x0000000080000000,0x0000000083684ab0,0x0000000084300000)
 Metaspace       used 61112K, committed 62400K, reserved 1114112K
  class space    used 7613K, committed 8192K, reserved 1048576K
}
Event: 14.951 GC heap before
{Heap before GC invocations=61 (full 3):
 PSYoungGen      total 14336K, used 14331K [0x00000000d5580000, 0x00000000d6580000, 0x0000000100000000)
  eden space 13312K, 100% used [0x00000000d5580000,0x00000000d6280000,0x00000000d6280000)
  from space 1024K, 99% used [0x00000000d6280000,0x00000000d637ee38,0x00000000d6380000)
  to   space 1536K, 0% used [0x00000000d6400000,0x00000000d6400000,0x00000000d6580000)
 ParOldGen       total 68608K, used 55826K [0x0000000080000000, 0x0000000084300000, 0x00000000d5580000)
  object space 68608K, 81% used [0x0000000080000000,0x0000000083684ab0,0x0000000084300000)
 Metaspace       used 61112K, committed 62400K, reserved 1114112K
  class space    used 7613K, committed 8192K, reserved 1048576K
}
Event: 14.952 GC heap after
{Heap after GC invocations=61 (full 3):
 PSYoungGen      total 13824K, used 330K [0x00000000d5580000, 0x00000000d6480000, 0x0000000100000000)
  eden space 13312K, 0% used [0x00000000d5580000,0x00000000d5580000,0x00000000d6280000)
  from space 512K, 64% used [0x00000000d6400000,0x00000000d64529a0,0x00000000d6480000)
  to   space 1024K, 0% used [0x00000000d6280000,0x00000000d6280000,0x00000000d6380000)
 ParOldGen       total 68608K, used 55882K [0x0000000080000000, 0x0000000084300000, 0x00000000d5580000)
  object space 68608K, 81% used [0x0000000080000000,0x0000000083692ab0,0x0000000084300000)
 Metaspace       used 61112K, committed 62400K, reserved 1114112K
  class space    used 7613K, committed 8192K, reserved 1048576K
}
Event: 15.027 GC heap before
{Heap before GC invocations=62 (full 3):
 PSYoungGen      total 13824K, used 13642K [0x00000000d5580000, 0x00000000d6480000, 0x0000000100000000)
  eden space 13312K, 100% used [0x00000000d5580000,0x00000000d6280000,0x00000000d6280000)
  from space 512K, 64% used [0x00000000d6400000,0x00000000d64529a0,0x00000000d6480000)
  to   space 1024K, 0% used [0x00000000d6280000,0x00000000d6280000,0x00000000d6380000)
 ParOldGen       total 68608K, used 55882K [0x0000000080000000, 0x0000000084300000, 0x00000000d5580000)
  object space 68608K, 81% used [0x0000000080000000,0x0000000083692ab0,0x0000000084300000)
 Metaspace       used 61112K, committed 62400K, reserved 1114112K
  class space    used 7613K, committed 8192K, reserved 1048576K
}
Event: 15.028 GC heap after
{Heap after GC invocations=62 (full 3):
 PSYoungGen      total 14336K, used 1023K [0x00000000d5580000, 0x00000000d6580000, 0x0000000100000000)
  eden space 13312K, 0% used [0x00000000d5580000,0x00000000d5580000,0x00000000d6280000)
  from space 1024K, 99% used [0x00000000d6280000,0x00000000d637fd18,0x00000000d6380000)
  to   space 1536K, 0% used [0x00000000d6400000,0x00000000d6400000,0x00000000d6580000)
 ParOldGen       total 68608K, used 55980K [0x0000000080000000, 0x0000000084300000, 0x00000000d5580000)
  object space 68608K, 81% used [0x0000000080000000,0x00000000836ab328,0x0000000084300000)
 Metaspace       used 61112K, committed 62400K, reserved 1114112K
  class space    used 7613K, committed 8192K, reserved 1048576K
}
Event: 15.110 GC heap before
{Heap before GC invocations=63 (full 3):
 PSYoungGen      total 14336K, used 14335K [0x00000000d5580000, 0x00000000d6580000, 0x0000000100000000)
  eden space 13312K, 100% used [0x00000000d5580000,0x00000000d6280000,0x00000000d6280000)
  from space 1024K, 99% used [0x00000000d6280000,0x00000000d637fd18,0x00000000d6380000)
  to   space 1536K, 0% used [0x00000000d6400000,0x00000000d6400000,0x00000000d6580000)
 ParOldGen       total 68608K, used 55980K [0x0000000080000000, 0x0000000084300000, 0x00000000d5580000)
  object space 68608K, 81% used [0x0000000080000000,0x00000000836ab328,0x0000000084300000)
 Metaspace       used 61112K, committed 62400K, reserved 1114112K
  class space    used 7613K, committed 8192K, reserved 1048576K
}
Event: 15.110 GC heap after
{Heap after GC invocations=63 (full 3):
 PSYoungGen      total 14336K, used 772K [0x00000000d5580000, 0x00000000d6500000, 0x0000000100000000)
  eden space 13312K, 0% used [0x00000000d5580000,0x00000000d5580000,0x00000000d6280000)
  from space 1024K, 75% used [0x00000000d6400000,0x00000000d64c1218,0x00000000d6500000)
  to   space 1024K, 0% used [0x00000000d6280000,0x00000000d6280000,0x00000000d6380000)
 ParOldGen       total 68608K, used 56036K [0x0000000080000000, 0x0000000084300000, 0x00000000d5580000)
  object space 68608K, 81% used [0x0000000080000000,0x00000000836b9328,0x0000000084300000)
 Metaspace       used 61112K, committed 62400K, reserved 1114112K
  class space    used 7613K, committed 8192K, reserved 1048576K
}
Event: 15.183 GC heap before
{Heap before GC invocations=64 (full 3):
 PSYoungGen      total 14336K, used 14084K [0x00000000d5580000, 0x00000000d6500000, 0x0000000100000000)
  eden space 13312K, 100% used [0x00000000d5580000,0x00000000d6280000,0x00000000d6280000)
  from space 1024K, 75% used [0x00000000d6400000,0x00000000d64c1218,0x00000000d6500000)
  to   space 1024K, 0% used [0x00000000d6280000,0x00000000d6280000,0x00000000d6380000)
 ParOldGen       total 68608K, used 56036K [0x0000000080000000, 0x0000000084300000, 0x00000000d5580000)
  object space 68608K, 81% used [0x0000000080000000,0x00000000836b9328,0x0000000084300000)
 Metaspace       used 61112K, committed 62400K, reserved 1114112K
  class space    used 7613K, committed 8192K, reserved 1048576K
}
Event: 15.184 GC heap after
{Heap after GC invocations=64 (full 3):
 PSYoungGen      total 14336K, used 160K [0x00000000d5580000, 0x00000000d6480000, 0x0000000100000000)
  eden space 13312K, 0% used [0x00000000d5580000,0x00000000d5580000,0x00000000d6280000)
  from space 1024K, 15% used [0x00000000d6280000,0x00000000d62a8000,0x00000000d6380000)
  to   space 512K, 0% used [0x00000000d6400000,0x00000000d6400000,0x00000000d6480000)
 ParOldGen       total 68608K, used 56713K [0x0000000080000000, 0x0000000084300000, 0x00000000d5580000)
  object space 68608K, 82% used [0x0000000080000000,0x0000000083762640,0x0000000084300000)
 Metaspace       used 61112K, committed 62400K, reserved 1114112K
  class space    used 7613K, committed 8192K, reserved 1048576K
}
Event: 15.260 GC heap before
{Heap before GC invocations=65 (full 3):
 PSYoungGen      total 14336K, used 13472K [0x00000000d5580000, 0x00000000d6480000, 0x0000000100000000)
  eden space 13312K, 100% used [0x00000000d5580000,0x00000000d6280000,0x00000000d6280000)
  from space 1024K, 15% used [0x00000000d6280000,0x00000000d62a8000,0x00000000d6380000)
  to   space 512K, 0% used [0x00000000d6400000,0x00000000d6400000,0x00000000d6480000)
 ParOldGen       total 68608K, used 56713K [0x0000000080000000, 0x0000000084300000, 0x00000000d5580000)
  object space 68608K, 82% used [0x0000000080000000,0x0000000083762640,0x0000000084300000)
 Metaspace       used 61112K, committed 62400K, reserved 1114112K
  class space    used 7613K, committed 8192K, reserved 1048576K
}
Event: 15.261 GC heap after
{Heap after GC invocations=65 (full 3):
 PSYoungGen      total 13824K, used 493K [0x00000000d5580000, 0x00000000d6580000, 0x0000000100000000)
  eden space 13312K, 0% used [0x00000000d5580000,0x00000000d5580000,0x00000000d6280000)
  from space 512K, 96% used [0x00000000d6400000,0x00000000d647b7c0,0x00000000d6480000)
  to   space 1536K, 0% used [0x00000000d6280000,0x00000000d6280000,0x00000000d6400000)
 ParOldGen       total 68608K, used 57187K [0x0000000080000000, 0x0000000084300000, 0x00000000d5580000)
  object space 68608K, 83% used [0x0000000080000000,0x00000000837d8e98,0x0000000084300000)
 Metaspace       used 61112K, committed 62400K, reserved 1114112K
  class space    used 7613K, committed 8192K, reserved 1048576K
}
Event: 15.328 GC heap before
{Heap before GC invocations=66 (full 3):
 PSYoungGen      total 13824K, used 13805K [0x00000000d5580000, 0x00000000d6580000, 0x0000000100000000)
  eden space 13312K, 100% used [0x00000000d5580000,0x00000000d6280000,0x00000000d6280000)
  from space 512K, 96% used [0x00000000d6400000,0x00000000d647b7c0,0x00000000d6480000)
  to   space 1536K, 0% used [0x00000000d6280000,0x00000000d6280000,0x00000000d6400000)
 ParOldGen       total 68608K, used 57187K [0x0000000080000000, 0x0000000084300000, 0x00000000d5580000)
  object space 68608K, 83% used [0x0000000080000000,0x00000000837d8e98,0x0000000084300000)
 Metaspace       used 61125K, committed 62400K, reserved 1114112K
  class space    used 7616K, committed 8192K, reserved 1048576K
}
Event: 15.328 GC heap after
{Heap after GC invocations=66 (full 3):
 PSYoungGen      total 13824K, used 256K [0x00000000d5580000, 0x00000000d6480000, 0x0000000100000000)
  eden space 13312K, 0% used [0x00000000d5580000,0x00000000d5580000,0x00000000d6280000)
  from space 512K, 50% used [0x00000000d6280000,0x00000000d62c0000,0x00000000d6300000)
  to   space 1024K, 0% used [0x00000000d6380000,0x00000000d6380000,0x00000000d6480000)
 ParOldGen       total 68608K, used 57267K [0x0000000080000000, 0x0000000084300000, 0x00000000d5580000)
  object space 68608K, 83% used [0x0000000080000000,0x00000000837ece98,0x0000000084300000)
 Metaspace       used 61125K, committed 62400K, reserved 1114112K
  class space    used 7616K, committed 8192K, reserved 1048576K
}
Event: 15.643 GC heap before
{Heap before GC invocations=67 (full 3):
 PSYoungGen      total 13824K, used 13568K [0x00000000d5580000, 0x00000000d6480000, 0x0000000100000000)
  eden space 13312K, 100% used [0x00000000d5580000,0x00000000d6280000,0x00000000d6280000)
  from space 512K, 50% used [0x00000000d6280000,0x00000000d62c0000,0x00000000d6300000)
  to   space 1024K, 0% used [0x00000000d6380000,0x00000000d6380000,0x00000000d6480000)
 ParOldGen       total 68608K, used 57267K [0x0000000080000000, 0x0000000084300000, 0x00000000d5580000)
  object space 68608K, 83% used [0x0000000080000000,0x00000000837ece98,0x0000000084300000)
 Metaspace       used 62667K, committed 64064K, reserved 1114112K
  class space    used 7853K, committed 8512K, reserved 1048576K
}
Event: 15.644 GC heap after
{Heap after GC invocations=67 (full 3):
 PSYoungGen      total 14336K, used 608K [0x00000000d5580000, 0x00000000d6480000, 0x0000000100000000)
  eden space 13312K, 0% used [0x00000000d5580000,0x00000000d5580000,0x00000000d6280000)
  from space 1024K, 59% used [0x00000000d6380000,0x00000000d6418000,0x00000000d6480000)
  to   space 1024K, 0% used [0x00000000d6280000,0x00000000d6280000,0x00000000d6380000)
 ParOldGen       total 68608K, used 57347K [0x0000000080000000, 0x0000000084300000, 0x00000000d5580000)
  object space 68608K, 83% used [0x0000000080000000,0x0000000083800e98,0x0000000084300000)
 Metaspace       used 62667K, committed 64064K, reserved 1114112K
  class space    used 7853K, committed 8512K, reserved 1048576K
}
Event: 16.344 GC heap before
{Heap before GC invocations=68 (full 3):
 PSYoungGen      total 14336K, used 13920K [0x00000000d5580000, 0x00000000d6480000, 0x0000000100000000)
  eden space 13312K, 100% used [0x00000000d5580000,0x00000000d6280000,0x00000000d6280000)
  from space 1024K, 59% used [0x00000000d6380000,0x00000000d6418000,0x00000000d6480000)
  to   space 1024K, 0% used [0x00000000d6280000,0x00000000d6280000,0x00000000d6380000)
 ParOldGen       total 68608K, used 57347K [0x0000000080000000, 0x0000000084300000, 0x00000000d5580000)
  object space 68608K, 83% used [0x0000000080000000,0x0000000083800e98,0x0000000084300000)
 Metaspace       used 64193K, committed 65536K, reserved 1114112K
  class space    used 8064K, committed 8704K, reserved 1048576K
}
Event: 16.345 GC heap after
{Heap after GC invocations=68 (full 3):
 PSYoungGen      total 14336K, used 736K [0x00000000d5580000, 0x00000000d6480000, 0x0000000100000000)
  eden space 13312K, 0% used [0x00000000d5580000,0x00000000d5580000,0x00000000d6280000)
  from space 1024K, 71% used [0x00000000d6280000,0x00000000d6338000,0x00000000d6380000)
  to   space 1024K, 0% used [0x00000000d6380000,0x00000000d6380000,0x00000000d6480000)
 ParOldGen       total 68608K, used 57843K [0x0000000080000000, 0x0000000084300000, 0x00000000d5580000)
  object space 68608K, 84% used [0x0000000080000000,0x000000008387cea8,0x0000000084300000)
 Metaspace       used 64193K, committed 65536K, reserved 1114112K
  class space    used 8064K, committed 8704K, reserved 1048576K
}
Event: 31.529 GC heap before
{Heap before GC invocations=69 (full 3):
 PSYoungGen      total 14336K, used 14048K [0x00000000d5580000, 0x00000000d6480000, 0x0000000100000000)
  eden space 13312K, 100% used [0x00000000d5580000,0x00000000d6280000,0x00000000d6280000)
  from space 1024K, 71% used [0x00000000d6280000,0x00000000d6338000,0x00000000d6380000)
  to   space 1024K, 0% used [0x00000000d6380000,0x00000000d6380000,0x00000000d6480000)
 ParOldGen       total 68608K, used 57843K [0x0000000080000000, 0x0000000084300000, 0x00000000d5580000)
  object space 68608K, 84% used [0x0000000080000000,0x000000008387cea8,0x0000000084300000)
 Metaspace       used 65346K, committed 66816K, reserved 1114112K
  class space    used 8198K, committed 8896K, reserved 1048576K
}
Event: 31.549 GC heap after
{Heap after GC invocations=69 (full 3):
 PSYoungGen      total 13312K, used 1008K [0x00000000d5580000, 0x00000000d6680000, 0x0000000100000000)
  eden space 12288K, 0% used [0x00000000d5580000,0x00000000d5580000,0x00000000d6180000)
  from space 1024K, 98% used [0x00000000d6380000,0x00000000d647c040,0x00000000d6480000)
  to   space 2048K, 0% used [0x00000000d6180000,0x00000000d6180000,0x00000000d6380000)
 ParOldGen       total 68608K, used 58461K [0x0000000080000000, 0x0000000084300000, 0x00000000d5580000)
  object space 68608K, 85% used [0x0000000080000000,0x0000000083917480,0x0000000084300000)
 Metaspace       used 65346K, committed 66816K, reserved 1114112K
  class space    used 8198K, committed 8896K, reserved 1048576K
}

